# JRE version: Java(TM) SE Runtime Environment (11.0.2+9) (build 11.0.2+9-LTS)
# Java VM: Java HotSpot(TM) 64-Bit Server VM (11.0.2+9-LTS, mixed mode, tiered, compressed oops, g1 gc, linux-amd64)
Heap:
 garbage-first heap   total 303104K, used 29487K [0x000000070b400000, 0x0000000800000000)
  region size 1024K, 21 young (21504K), 9 survivors (9216K)
 Metaspace       used 34779K, capacity 35681K, committed 35888K, reserved 1081344K
  class space    used 4366K, capacity 4725K, committed 4736K, reserved 1048576K
GC Heap History (10 events):
Event: 0,636 GC heap before
{Heap before GC invocations=0 (full 0):
 garbage-first heap   total 251904K, used 24576K [0x000000070b400000, 0x0000000800000000)
  region size 1024K, 24 young (24576K), 0 survivors (0K)
 Metaspace       used 13027K, capacity 13392K, committed 13568K, reserved 1060864K
  class space    used 1337K, capacity 1465K, committed 1536K, reserved 1048576K
}
Event: 0,644 GC heap after
{Heap after GC invocations=1 (full 0):
 garbage-first heap   total 251904K, used 9176K [0x000000070b400000, 0x0000000800000000)
  region size 1024K, 3 young (3072K), 3 survivors (3072K)
 Metaspace       used 13027K, capacity 13392K, committed 13568K, reserved 1060864K
  class space    used 1337K, capacity 1465K, committed 1536K, reserved 1048576K
}
Event: 1,008 GC heap before
{Heap before GC invocations=1 (full 0):
 garbage-first heap   total 251904K, used 69592K [0x000000070b400000, 0x0000000800000000)
  region size 1024K, 63 young (64512K), 3 survivors (3072K)
 Metaspace       used 20642K, capacity 21172K, committed 21296K, reserved 1069056K
  class space    used 2451K, capacity 2658K, committed 2688K, reserved 1048576K
}
Event: 1,014 GC heap after
{Heap after GC invocations=2 (full 0):
 garbage-first heap   total 251904K, used 11429K [0x000000070b400000, 0x0000000800000000)
  region size 1024K, 6 young (6144K), 6 survivors (6144K)
 Metaspace       used 20642K, capacity 21172K, committed 21296K, reserved 1069056K
  class space    used 2451K, capacity 2658K, committed 2688K, reserved 1048576K
}
Event: 1,235 GC heap before
{Heap before GC invocations=3 (full 0):
 garbage-first heap   total 251904K, used 54437K [0x000000070b400000, 0x0000000800000000)
  region size 1024K, 49 young (50176K), 6 survivors (6144K)
 Metaspace       used 27037K, capacity 27763K, committed 27824K, reserved 1073152K
  class space    used 3258K, capacity 3559K, committed 3584K, reserved 1048576K
}
Event: 1,240 GC heap after
{Heap after GC invocations=4 (full 0):
 garbage-first heap   total 251904K, used 12803K [0x000000070b400000, 0x0000000800000000)
  region size 1024K, 4 young (4096K), 4 survivors (4096K)
 Metaspace       used 27037K, capacity 27763K, committed 27824K, reserved 1073152K
  class space    used 3258K, capacity 3559K, committed 3584K, reserved 1048576K
}
Event: 1,395 GC heap before
{Heap before GC invocations=4 (full 0):
 garbage-first heap   total 251904K, used 92675K [0x000000070b400000, 0x0000000800000000)
  region size 1024K, 83 young (84992K), 4 survivors (4096K)
 Metaspace       used 28444K, capacity 29328K, committed 29616K, reserved 1075200K
  class space    used 3452K, capacity 3795K, committed 3840K, reserved 1048576K
}
Event: 1,398 GC heap after
{Heap after GC invocations=5 (full 0):
 garbage-first heap   total 251904K, used 14684K [0x000000070b400000, 0x0000000800000000)
  region size 1024K, 6 young (6144K), 6 survivors (6144K)
 Metaspace       used 28444K, capacity 29328K, committed 29616K, reserved 1075200K
  class space    used 3452K, capacity 3795K, committed 3840K, reserved 1048576K
}
Event: 2,007 GC heap before
{Heap before GC invocations=5 (full 0):
 garbage-first heap   total 251904K, used 137564K [0x000000070b400000, 0x0000000800000000)
  region size 1024K, 127 young (130048K), 6 survivors (6144K)
 Metaspace       used 34032K, capacity 34930K, committed 35376K, reserved 1079296K
  class space    used 4287K, capacity 4624K, committed 4736K, reserved 1048576K
}
Event: 2,013 GC heap after
{Heap after GC invocations=6 (full 0):
 garbage-first heap   total 303104K, used 18223K [0x000000070b400000, 0x0000000800000000)
  region size 1024K, 9 young (9216K), 9 survivors (9216K)
 Metaspace       used 34032K, capacity 34930K, committed 35376K, reserved 1079296K
  class space    used 4287K, capacity 4624K, committed 4736K, reserved 1048576K
}

